<?xml version="1.0" encoding="UTF-8"?>
<testng-results skipped="0" failed="0" ignored="0" total="1" passed="1">
  <reporter-output>
    <line>
      <![CDATA[POPULAR RING TYPES
Engagement
Diamond
Couple Bands
Plain Gold
Office Wear
Gemstone
Cocktail
Solitaire
Multi-finger
Religious
Platinum Bands
For Men
Navaratna
For Gift
Pearl
VIEW ALL 1109 RING DESIGNS]]>
    </line>
    <line>
      <![CDATA[BY PRICE RANGE
Below 15,000
Between 15k-20k
Between 20k-30k
Between 30k-50k
50,000 and above]]>
    </line>
    <line>
      <![CDATA[BY METALS & STONES
Diamond Rings
Starting at Rs. 7,400/-
Gold Rings
Starting at Rs. 6,300/-
White Gold Rings
Starting at Rs. 8,900/-
Rose Gold Rings
Starting at Rs. 10,000/-
Platinum Rings
Starting at Rs. 23,200/-]]>
    </line>
    <line>
      <![CDATA[]]>
    </line>
    <line>
      <![CDATA[]]>
    </line>
    <line>
      <![CDATA[]]>
    </line>
    <line>
      <![CDATA[]]>
    </line>
    <line>
      <![CDATA[]]>
    </line>
    <line>
      <![CDATA[]]>
    </line>
    <line>
      <![CDATA[]]>
    </line>
    <line>
      <![CDATA[]]>
    </line>
    <line>
      <![CDATA[]]>
    </line>
    <line>
      <![CDATA[]]>
    </line>
    <line>
      <![CDATA[]]>
    </line>
    <line>
      <![CDATA[]]>
    </line>
    <line>
      <![CDATA[]]>
    </line>
    <line>
      <![CDATA[]]>
    </line>
    <line>
      <![CDATA[]]>
    </line>
    <line>
      <![CDATA[]]>
    </line>
    <line>
      <![CDATA[]]>
    </line>
    <line>
      <![CDATA[]]>
    </line>
    <line>
      <![CDATA[]]>
    </line>
  </reporter-output>
  <suite name="Default suite" duration-ms="46762" started-at="2019-02-20T08:55:11Z" finished-at="2019-02-20T08:55:58Z">
    <groups>
    </groups>
    <test name="Default test" duration-ms="46762" started-at="2019-02-20T08:55:11Z" finished-at="2019-02-20T08:55:58Z">
      <class name="javaPractise.Demo">
        <test-method status="PASS" signature="openBrowser()[pri:0, instance:javaPractise.Demo@55f3ddb1]" name="openBrowser" is-config="true" duration-ms="7086" started-at="2019-02-20T08:55:11Z" finished-at="2019-02-20T08:55:18Z">
          <reporter-output>
          </reporter-output>
        </test-method> <!-- openBrowser -->
        <test-method status="PASS" signature="bs()[pri:0, instance:javaPractise.Demo@55f3ddb1]" name="bs" duration-ms="37565" started-at="2019-02-20T08:55:18Z" finished-at="2019-02-20T08:55:56Z">
          <reporter-output>
            <line>
              <![CDATA[POPULAR RING TYPES
Engagement
Diamond
Couple Bands
Plain Gold
Office Wear
Gemstone
Cocktail
Solitaire
Multi-finger
Religious
Platinum Bands
For Men
Navaratna
For Gift
Pearl
VIEW ALL 1109 RING DESIGNS]]>
            </line>
            <line>
              <![CDATA[BY PRICE RANGE
Below 15,000
Between 15k-20k
Between 20k-30k
Between 30k-50k
50,000 and above]]>
            </line>
            <line>
              <![CDATA[BY METALS & STONES
Diamond Rings
Starting at Rs. 7,400/-
Gold Rings
Starting at Rs. 6,300/-
White Gold Rings
Starting at Rs. 8,900/-
Rose Gold Rings
Starting at Rs. 10,000/-
Platinum Rings
Starting at Rs. 23,200/-]]>
            </line>
            <line>
              <![CDATA[]]>
            </line>
            <line>
              <![CDATA[]]>
            </line>
            <line>
              <![CDATA[]]>
            </line>
            <line>
              <![CDATA[]]>
            </line>
            <line>
              <![CDATA[]]>
            </line>
            <line>
              <![CDATA[]]>
            </line>
            <line>
              <![CDATA[]]>
            </line>
            <line>
              <![CDATA[]]>
            </line>
            <line>
              <![CDATA[]]>
            </line>
            <line>
              <![CDATA[]]>
            </line>
            <line>
              <![CDATA[]]>
            </line>
            <line>
              <![CDATA[]]>
            </line>
            <line>
              <![CDATA[]]>
            </line>
            <line>
              <![CDATA[]]>
            </line>
            <line>
              <![CDATA[]]>
            </line>
            <line>
              <![CDATA[]]>
            </line>
            <line>
              <![CDATA[]]>
            </line>
            <line>
              <![CDATA[]]>
            </line>
            <line>
              <![CDATA[]]>
            </line>
          </reporter-output>
        </test-method> <!-- bs -->
        <test-method status="PASS" signature="closeBrowser()[pri:0, instance:javaPractise.Demo@55f3ddb1]" name="closeBrowser" is-config="true" duration-ms="2085" started-at="2019-02-20T08:55:56Z" finished-at="2019-02-20T08:55:58Z">
          <reporter-output>
          </reporter-output>
        </test-method> <!-- closeBrowser -->
      </class> <!-- javaPractise.Demo -->
    </test> <!-- Default test -->
  </suite> <!-- Default suite -->
</testng-results>
