<?xml version="1.0" encoding="UTF-8"?>
<!-- Generated by org.testng.reporters.JUnitXMLReporter -->
<testsuite hostname="TYSS-4F-056" ignored="3" name="Default test(failed)(failed)" tests="1" failures="0" timestamp="22 Feb 2019 05:47:33 GMT" time="0.032" errors="0">
  <testcase name="TC04_arrs1" time="0.0" classname="javaPractise.Samples"/>
  <testcase name="TC02_revStr" time="0.0" classname="javaPractise.Samples">
    <ignored/>
  </testcase> <!-- TC02_revStr -->
  <testcase name="TC03_arrs" time="0.0" classname="javaPractise.Samples">
    <ignored/>
  </testcase> <!-- TC03_arrs -->
  <testcase name="TC01_wordCount" time="0.0" classname="javaPractise.Samples">
    <ignored/>
  </testcase> <!-- TC01_wordCount -->
</testsuite> <!-- Default test(failed)(failed) -->
