<?xml version="1.0" encoding="UTF-8"?>
<!-- Generated by org.testng.reporters.JUnitXMLReporter -->
<testsuite hostname="TYSS-4F-056" ignored="5" name="Default test" tests="1" failures="0" timestamp="22 Feb 2019 10:35:58 GMT" time="0.031" errors="0">
  <testcase name="revStr" time="0.0" classname="javaPractise.ArrayTest"/>
  <testcase name="sum" time="0.0" classname="javaPractise.ArrayTest">
    <ignored/>
  </testcase> <!-- sum -->
  <testcase name="largEle" time="0.0" classname="javaPractise.ArrayTest">
    <ignored/>
  </testcase> <!-- largEle -->
  <testcase name="wc" time="0.0" classname="javaPractise.ArrayTest">
    <ignored/>
  </testcase> <!-- wc -->
  <testcase name="lowest" time="0.0" classname="javaPractise.ArrayTest">
    <ignored/>
  </testcase> <!-- lowest -->
  <testcase name="arr" time="0.0" classname="javaPractise.ArrayTest">
    <ignored/>
  </testcase> <!-- arr -->
</testsuite> <!-- Default test -->
