<?xml version="1.0" encoding="UTF-8"?>
<!-- Generated by org.testng.reporters.JUnitXMLReporter -->
<testsuite hostname="TYSS-4F-056" ignored="3" name="Default test(failed)" tests="1" failures="1" timestamp="22 Feb 2019 05:46:35 GMT" time="0.031" errors="0">
  <testcase name="TC04_arrs1" time="0.016" classname="javaPractise.Samples">
    <failure type="java.lang.ArrayIndexOutOfBoundsException" message="7">
      <![CDATA[java.lang.ArrayIndexOutOfBoundsException: 7
at javaPractise.Samples.TC04_arrs1(Samples.java:42)
... Removed 25 stack frames]]>
    </failure>
  </testcase> <!-- TC04_arrs1 -->
  <testcase name="TC02_revStr" time="0.0" classname="javaPractise.Samples">
    <ignored/>
  </testcase> <!-- TC02_revStr -->
  <testcase name="TC03_arrs" time="0.0" classname="javaPractise.Samples">
    <ignored/>
  </testcase> <!-- TC03_arrs -->
  <testcase name="TC01_wordCount" time="0.0" classname="javaPractise.Samples">
    <ignored/>
  </testcase> <!-- TC01_wordCount -->
</testsuite> <!-- Default test(failed) -->
